{
  "RSpec": {
    "coverage": {
      "/Users/alastairsumner/Projects/bookmark_manager1/spec/bookmark_spec.rb": {
        "lines": [
          1,
          null,
          1,
          null,
          1,
          1,
          1,
          null,
          1,
          1,
          1,
          null,
          null,
          null,
          null
        ]
      },
      "/Users/alastairsumner/Projects/bookmark_manager1/lib/bookmark.rb": {
        "lines": [
          1,
          null,
          1,
          null,
          1,
          null,
          null,
          null,
          1,
          1,
          1,
          3,
          null,
          null,
          null,
          null,
          null,
          null
        ]
      },
      "/Users/alastairsumner/Projects/bookmark_manager1/spec/feature/bookmarks_spec.rb": {
        "lines": [
          1,
          null,
          1,
          1,
          1,
          1,
          1,
          1,
          null,
          null
        ]
      },
      "/Users/alastairsumner/Projects/bookmark_manager1/spec/feature/index_spec.rb": {
        "lines": [
          null,
          null,
          1,
          1,
          1,
          1,
          null,
          null
        ]
      }
    },
    "timestamp": 1591102796
  }
}
